0 info it worked if it ends with ok
1 verbose cli [ 'C:\\Program Files\\nodejs\\node.exe',
1 verbose cli   'C:\\Program Files\\nodejs\\node_modules\\npm\\bin\\npm-cli.js',
1 verbose cli   'run',
1 verbose cli   'deploy' ]
2 info using npm@3.10.10
3 info using node@v6.10.0
4 verbose run-script [ 'predeploy', 'deploy', 'postdeploy' ]
5 info lifecycle resume-portfolio@1.0.0~predeploy: resume-portfolio@1.0.0
6 silly lifecycle resume-portfolio@1.0.0~predeploy: no script for predeploy, continuing
7 info lifecycle resume-portfolio@1.0.0~deploy: resume-portfolio@1.0.0
8 verbose lifecycle resume-portfolio@1.0.0~deploy: unsafe-perm in lifecycle true
9 verbose lifecycle resume-portfolio@1.0.0~deploy: PATH: C:\Program Files\nodejs\node_modules\npm\bin\node-gyp-bin;C:\Users\xps\Desktop\resume-portfolio\node_modules\.bin;C:\Program Files\Git\mingw64\bin;C:\Program Files\Git\usr\bin;C:\Users\xps\bin;C:\ProgramData\Oracle\Java\javapath;C:\Program Files\Python36\Scripts;C:\Program Files\Python36;C:\WINDOWS\system32;C:\WINDOWS;C:\WINDOWS\System32\Wbem;C:\WINDOWS\System32\WindowsPowerShell\v1.0;C:\Program Files\nodejs;C:\Program Files (x86)\GtkSharp\2.12\bin;C:\Program Files\Git\cmd;C:\WINDOWS\System32\OpenSSH;C:\Program Files\Microsoft VS Code\bin;C:\Users\xps\AppData\Roaming\npm;C:\Users\xps\AppData\Local\Microsoft\WindowsApps;C:\Program Files\Microsoft VS Code\bin
10 verbose lifecycle resume-portfolio@1.0.0~deploy: CWD: C:\Users\xps\Desktop\resume-portfolio
11 silly lifecycle resume-portfolio@1.0.0~deploy: Args: [ '/d /s /c', 'gh-pages -d dist' ]
12 silly lifecycle resume-portfolio@1.0.0~deploy: Returned: code: 1  signal: null
13 info lifecycle resume-portfolio@1.0.0~deploy: Failed to exec deploy script
14 verbose stack Error: resume-portfolio@1.0.0 deploy: `gh-pages -d dist`
14 verbose stack Exit status 1
14 verbose stack     at EventEmitter.<anonymous> (C:\Program Files\nodejs\node_modules\npm\lib\utils\lifecycle.js:255:16)
14 verbose stack     at emitTwo (events.js:106:13)
14 verbose stack     at EventEmitter.emit (events.js:191:7)
14 verbose stack     at ChildProcess.<anonymous> (C:\Program Files\nodejs\node_modules\npm\lib\utils\spawn.js:40:14)
14 verbose stack     at emitTwo (events.js:106:13)
14 verbose stack     at ChildProcess.emit (events.js:191:7)
14 verbose stack     at maybeClose (internal/child_process.js:877:16)
14 verbose stack     at Process.ChildProcess._handle.onexit (internal/child_process.js:226:5)
15 verbose pkgid resume-portfolio@1.0.0
16 verbose cwd C:\Users\xps\Desktop\resume-portfolio
17 error Windows_NT 10.0.17134
18 error argv "C:\\Program Files\\nodejs\\node.exe" "C:\\Program Files\\nodejs\\node_modules\\npm\\bin\\npm-cli.js" "run" "deploy"
19 error node v6.10.0
20 error npm  v3.10.10
21 error code ELIFECYCLE
22 error resume-portfolio@1.0.0 deploy: `gh-pages -d dist`
22 error Exit status 1
23 error Failed at the resume-portfolio@1.0.0 deploy script 'gh-pages -d dist'.
23 error Make sure you have the latest version of node.js and npm installed.
23 error If you do, this is most likely a problem with the resume-portfolio package,
23 error not with npm itself.
23 error Tell the author that this fails on your system:
23 error     gh-pages -d dist
23 error You can get information on how to open an issue for this project with:
23 error     npm bugs resume-portfolio
23 error Or if that isn't available, you can get their info via:
23 error     npm owner ls resume-portfolio
23 error There is likely additional logging output above.
24 verbose exit [ 1, true ]
